<?xml version="1.0" encoding="UTF-8"?>
<!-- Generated by org.testng.reporters.JUnitReportReporter -->
<testsuite hostname="LAPTOP-H28HP609" failures="0" tests="10" name="Testproject.DemoProject" time="114.653" errors="0" timestamp="2024-04-11T10:27:03 IST" skipped="0">
  <testcase classname="Testproject.DemoProject" name="Invalidlogin" time="3.396"/>
  <system-out/>
  <testcase classname="Testproject.DemoProject" name="Login" time="20.736"/>
  <system-out/>
  <testcase classname="Testproject.DemoProject" name="alerttour" time="0.071"/>
  <system-out/>
  <testcase classname="Testproject.DemoProject" name="clickBrand" time="4.002"/>
  <system-out/>
  <testcase classname="Testproject.DemoProject" name="SearchBrand" time="14.286"/>
  <system-out/>
  <testcase classname="Testproject.DemoProject" name="clickUnit" time="13.512"/>
  <system-out/>
  <testcase classname="Testproject.DemoProject" name="SerachUnit" time="2.222"/>
  <system-out/>
  <testcase classname="Testproject.DemoProject" name="clickCategories" time="5.586"/>
  <system-out/>
  <testcase classname="Testproject.DemoProject" name="SearchCategories" time="3.338"/>
  <system-out/>
  <testcase classname="Testproject.DemoProject" name="addproducts" time="47.504"/>
  <system-out/>
</testsuite> <!-- Testproject.DemoProject -->
