<?xml version="1.0" encoding="UTF-8"?>
<!-- Generated by org.testng.reporters.JUnitReportReporter -->
<testsuite hostname="LAPTOP-H28HP609" failures="0" tests="5" name="MaxFestprojectPackage.MaxFestproject2" time="38.212" errors="0" timestamp="2024-04-15T18:31:13 IST" skipped="2">
  <testcase classname="MaxFestprojectPackage.MaxFestproject2" name="Invalidlogin" time="5.466"/>
  <system-out/>
  <testcase classname="MaxFestprojectPackage.MaxFestproject2" name="Login" time="26.456"/>
  <system-out/>
  <testcase classname="MaxFestprojectPackage.MaxFestproject2" name="alerttour" time="6.290"/>
  <system-out/>
  <testcase classname="MaxFestprojectPackage.MaxFestproject2" name="clickBrand">
    <skipped/>
  </testcase> <!-- clickBrand -->
  <system-out/>
  <testcase classname="MaxFestprojectPackage.MaxFestproject2" name="SearchBrand">
    <skipped/>
  </testcase> <!-- SearchBrand -->
  <system-out/>
</testsuite> <!-- MaxFestprojectPackage.MaxFestproject2 -->
