<?xml version="1.0" encoding="UTF-8"?>
<!-- Generated by org.testng.reporters.JUnitReportReporter -->
<testsuite hostname="LAPTOP-H28HP609" failures="0" tests="10" name="MaxFestprojectPackage.MaxFestProject" time="106.238" errors="0" timestamp="2024-04-15T18:31:13 IST" skipped="0">
  <testcase classname="MaxFestprojectPackage.MaxFestProject" name="Invalidlogin" time="4.044"/>
  <system-out/>
  <testcase classname="MaxFestprojectPackage.MaxFestProject" name="Login" time="7.607"/>
  <system-out/>
  <testcase classname="MaxFestprojectPackage.MaxFestProject" name="alerttour" time="3.122"/>
  <system-out/>
  <testcase classname="MaxFestprojectPackage.MaxFestProject" name="clickBrand" time="4.879"/>
  <system-out/>
  <testcase classname="MaxFestprojectPackage.MaxFestProject" name="SearchBrand" time="12.162"/>
  <system-out/>
  <testcase classname="MaxFestprojectPackage.MaxFestProject" name="clickUnit" time="17.750"/>
  <system-out/>
  <testcase classname="MaxFestprojectPackage.MaxFestProject" name="SerachUnit" time="4.190"/>
  <system-out/>
  <testcase classname="MaxFestprojectPackage.MaxFestProject" name="clickCategories" time="5.936"/>
  <system-out/>
  <testcase classname="MaxFestprojectPackage.MaxFestProject" name="SearchCategories" time="6.519"/>
  <system-out/>
  <testcase classname="MaxFestprojectPackage.MaxFestProject" name="addproducts" time="40.029"/>
  <system-out/>
</testsuite> <!-- MaxFestprojectPackage.MaxFestProject -->
