<?xml version="1.0" encoding="UTF-8"?>
<!-- Generated by org.testng.reporters.JUnitReportReporter -->
<testsuite hostname="LAPTOP-H28HP609" failures="0" tests="1" name="Test.LaunchBrowser" time="5.170" errors="0" timestamp="2024-03-25T15:35:53 IST" skipped="0">
  <testcase classname="Test.LaunchBrowser" name="login" time="5.170"/>
  <system-out/>
</testsuite> <!-- Test.LaunchBrowser -->
