<?xml version="1.0" encoding="UTF-8"?>
<!-- Generated by org.testng.reporters.JUnitReportReporter -->
<testsuite hostname="LAPTOP-H28HP609" failures="0" tests="10" name="Testproject.DemoProject" time="31.067" errors="0" timestamp="2024-04-12T19:09:36 IST" skipped="7">
  <testcase classname="Testproject.DemoProject" name="Invalidlogin" time="6.166"/>
  <system-out/>
  <testcase classname="Testproject.DemoProject" name="Login" time="24.813"/>
  <system-out/>
  <testcase classname="Testproject.DemoProject" name="alerttour" time="0.088"/>
  <system-out/>
  <testcase classname="Testproject.DemoProject" name="SearchCategories">
    <skipped/>
  </testcase> <!-- SearchCategories -->
  <system-out/>
  <testcase classname="Testproject.DemoProject" name="clickBrand">
    <skipped/>
  </testcase> <!-- clickBrand -->
  <system-out/>
  <testcase classname="Testproject.DemoProject" name="clickUnit">
    <skipped/>
  </testcase> <!-- clickUnit -->
  <system-out/>
  <testcase classname="Testproject.DemoProject" name="clickCategories">
    <skipped/>
  </testcase> <!-- clickCategories -->
  <system-out/>
  <testcase classname="Testproject.DemoProject" name="SerachUnit">
    <skipped/>
  </testcase> <!-- SerachUnit -->
  <system-out/>
  <testcase classname="Testproject.DemoProject" name="addproducts">
    <skipped/>
  </testcase> <!-- addproducts -->
  <system-out/>
  <testcase classname="Testproject.DemoProject" name="SearchBrand">
    <skipped/>
  </testcase> <!-- SearchBrand -->
  <system-out/>
</testsuite> <!-- Testproject.DemoProject -->
