<?xml version="1.0" encoding="UTF-8"?>
<!-- Generated by org.testng.reporters.JUnitReportReporter -->
<testsuite hostname="LAPTOP-H28HP609" failures="0" tests="7" name="Testproject.DemoProject" time="110.700" errors="0" timestamp="2024-04-04T12:47:16 IST" skipped="0">
  <testcase classname="Testproject.DemoProject" name="Invalidlogin" time="2.822"/>
  <system-out/>
  <testcase classname="Testproject.DemoProject" name="Login" time="19.538"/>
  <system-out/>
  <testcase classname="Testproject.DemoProject" name="alerttour" time="0.067"/>
  <system-out/>
  <testcase classname="Testproject.DemoProject" name="clickBrand" time="17.701"/>
  <system-out/>
  <testcase classname="Testproject.DemoProject" name="clickUnit" time="16.501"/>
  <system-out/>
  <testcase classname="Testproject.DemoProject" name="clickCategories" time="7.613"/>
  <system-out/>
  <testcase classname="Testproject.DemoProject" name="addproducts" time="46.458"/>
  <system-out/>
</testsuite> <!-- Testproject.DemoProject -->
