<?xml version="1.0" encoding="UTF-8"?>
<!-- Generated by org.testng.reporters.JUnitReportReporter -->
<testsuite hostname="LAPTOP-H28HP609" failures="0" tests="7" name="Testproject.DemoProject" time="24.672" errors="0" timestamp="2024-04-05T12:30:04 IST" skipped="4">
  <testcase classname="Testproject.DemoProject" name="Invalidlogin" time="3.251"/>
  <system-out/>
  <testcase classname="Testproject.DemoProject" name="Login" time="21.313"/>
  <system-out/>
  <testcase classname="Testproject.DemoProject" name="alerttour" time="0.108"/>
  <system-out/>
  <testcase classname="Testproject.DemoProject" name="clickBrand">
    <skipped/>
  </testcase> <!-- clickBrand -->
  <system-out/>
  <testcase classname="Testproject.DemoProject" name="clickUnit">
    <skipped/>
  </testcase> <!-- clickUnit -->
  <system-out/>
  <testcase classname="Testproject.DemoProject" name="clickCategories">
    <skipped/>
  </testcase> <!-- clickCategories -->
  <system-out/>
  <testcase classname="Testproject.DemoProject" name="addproducts">
    <skipped/>
  </testcase> <!-- addproducts -->
  <system-out/>
</testsuite> <!-- Testproject.DemoProject -->
